# JRE version: OpenJDK Runtime Environment (21.0.6) (build 21.0.6+-13368085-b895.109)
# Java VM: OpenJDK 64-Bit Server VM (21.0.6+-13368085-b895.109, mixed mode, tiered, compressed oops, compressed class ptrs, g1 gc, windows-amd64)
GC Precious Log:
 CardTable entry size: 512
 Card Set container configuration: InlinePtr #cards 5 size 8 Array Of Cards #cards 12 size 40 Howl #buckets 4 coarsen threshold 1843 Howl Bitmap #cards 512 size 80 coarsen threshold 460 Card regions per heap region 1 cards per card region 2048
 CPUs: 8 total, 8 available
 Memory: 14211M
 Large Page Support: Disabled
 NUMA Support: Disabled
 Compressed Oops: Enabled (32-bit)
 Heap Region Size: 1M
 Heap Min Capacity: 8M
 Heap Initial Capacity: 224M
 Heap Max Capacity: 2G
 Pre-touch: Disabled
 Parallel Workers: 8
 Concurrent Workers: 2
 Concurrent Refinement Workers: 8
 Periodic GC: Disabled
Heap:
 garbage-first heap   total 88064K, used 61861K [0x0000000080000000, 0x0000000100000000)
  region size 1024K, 40 young (40960K), 6 survivors (6144K)
 Metaspace       used 45916K, committed 47104K, reserved 1114112K
  class space    used 6106K, committed 6656K, reserved 1048576K
GC Heap History (16 events):
Event: 0.611 GC heap before
{Heap before GC invocations=0 (full 0):
 garbage-first heap   total 229376K, used 22528K [0x0000000080000000, 0x0000000100000000)
  region size 1024K, 23 young (23552K), 0 survivors (0K)
 Metaspace       used 7993K, committed 8128K, reserved 1114112K
  class space    used 712K, committed 768K, reserved 1048576K
}
Event: 0.614 GC heap after
{Heap after GC invocations=1 (full 0):
 garbage-first heap   total 229376K, used 3459K [0x0000000080000000, 0x0000000100000000)
  region size 1024K, 3 young (3072K), 3 survivors (3072K)
 Metaspace       used 7993K, committed 8128K, reserved 1114112K
  class space    used 712K, committed 768K, reserved 1048576K
}
Event: 1.718 GC heap before
{Heap before GC invocations=1 (full 0):
 garbage-first heap   total 229376K, used 40323K [0x0000000080000000, 0x0000000100000000)
  region size 1024K, 37 young (37888K), 3 survivors (3072K)
 Metaspace       used 12194K, committed 12416K, reserved 1114112K
  class space    used 1278K, committed 1408K, reserved 1048576K
}
Event: 1.724 GC heap after
{Heap after GC invocations=2 (full 0):
 garbage-first heap   total 229376K, used 11780K [0x0000000080000000, 0x0000000100000000)
  region size 1024K, 5 young (5120K), 5 survivors (5120K)
 Metaspace       used 12194K, committed 12416K, reserved 1114112K
  class space    used 1278K, committed 1408K, reserved 1048576K
}
Event: 2.562 GC heap before
{Heap before GC invocations=2 (full 0):
 garbage-first heap   total 229376K, used 59908K [0x0000000080000000, 0x0000000100000000)
  region size 1024K, 51 young (52224K), 5 survivors (5120K)
 Metaspace       used 13554K, committed 13760K, reserved 1114112K
  class space    used 1493K, committed 1600K, reserved 1048576K
}
Event: 2.568 GC heap after
{Heap after GC invocations=3 (full 0):
 garbage-first heap   total 229376K, used 17719K [0x0000000080000000, 0x0000000100000000)
  region size 1024K, 5 young (5120K), 5 survivors (5120K)
 Metaspace       used 13554K, committed 13760K, reserved 1114112K
  class space    used 1493K, committed 1600K, reserved 1048576K
}
Event: 3.378 GC heap before
{Heap before GC invocations=3 (full 0):
 garbage-first heap   total 229376K, used 43319K [0x0000000080000000, 0x0000000100000000)
  region size 1024K, 31 young (31744K), 5 survivors (5120K)
 Metaspace       used 21202K, committed 21504K, reserved 1114112K
  class space    used 2440K, committed 2624K, reserved 1048576K
}
Event: 3.383 GC heap after
{Heap after GC invocations=4 (full 0):
 garbage-first heap   total 229376K, used 21067K [0x0000000080000000, 0x0000000100000000)
  region size 1024K, 9 young (9216K), 9 survivors (9216K)
 Metaspace       used 21202K, committed 21504K, reserved 1114112K
  class space    used 2440K, committed 2624K, reserved 1048576K
}
Event: 4.816 GC heap before
{Heap before GC invocations=5 (full 0):
 garbage-first heap   total 75776K, used 73291K [0x0000000080000000, 0x0000000100000000)
  region size 1024K, 61 young (62464K), 9 survivors (9216K)
 Metaspace       used 29664K, committed 30336K, reserved 1114112K
  class space    used 3802K, committed 4160K, reserved 1048576K
}
Event: 4.822 GC heap after
{Heap after GC invocations=6 (full 0):
 garbage-first heap   total 88064K, used 24329K [0x0000000080000000, 0x0000000100000000)
  region size 1024K, 12 young (12288K), 12 survivors (12288K)
 Metaspace       used 29664K, committed 30336K, reserved 1114112K
  class space    used 3802K, committed 4160K, reserved 1048576K
}
Event: 5.951 GC heap before
{Heap before GC invocations=6 (full 0):
 garbage-first heap   total 88064K, used 64265K [0x0000000080000000, 0x0000000100000000)
  region size 1024K, 51 young (52224K), 12 survivors (12288K)
 Metaspace       used 35013K, committed 35904K, reserved 1114112K
  class space    used 4675K, committed 5120K, reserved 1048576K
}
Event: 5.957 GC heap after
{Heap after GC invocations=7 (full 0):
 garbage-first heap   total 88064K, used 26525K [0x0000000080000000, 0x0000000100000000)
  region size 1024K, 6 young (6144K), 6 survivors (6144K)
 Metaspace       used 35013K, committed 35904K, reserved 1114112K
  class space    used 4675K, committed 5120K, reserved 1048576K
}
Event: 5.980 GC heap before
{Heap before GC invocations=7 (full 0):
 garbage-first heap   total 88064K, used 27549K [0x0000000080000000, 0x0000000100000000)
  region size 1024K, 8 young (8192K), 6 survivors (6144K)
 Metaspace       used 35183K, committed 36096K, reserved 1114112K
  class space    used 4711K, committed 5184K, reserved 1048576K
}
Event: 5.984 GC heap after
{Heap after GC invocations=8 (full 0):
 garbage-first heap   total 88064K, used 26514K [0x0000000080000000, 0x0000000100000000)
  region size 1024K, 3 young (3072K), 3 survivors (3072K)
 Metaspace       used 35183K, committed 36096K, reserved 1114112K
  class space    used 4711K, committed 5184K, reserved 1048576K
}
Event: 8.804 GC heap before
{Heap before GC invocations=9 (full 0):
 garbage-first heap   total 88064K, used 72594K [0x0000000080000000, 0x0000000100000000)
  region size 1024K, 48 young (49152K), 3 survivors (3072K)
 Metaspace       used 41887K, committed 43200K, reserved 1114112K
  class space    used 5681K, committed 6336K, reserved 1048576K
}
Event: 8.808 GC heap after
{Heap after GC invocations=10 (full 0):
 garbage-first heap   total 88064K, used 29093K [0x0000000080000000, 0x0000000100000000)
  region size 1024K, 6 young (6144K), 6 survivors (6144K)
 Metaspace       used 41887K, committed 43200K, reserved 1114112K
  class space    used 5681K, committed 6336K, reserved 1048576K
}

